<?xml version="1.0" encoding="UTF-8"?>
<testsuite name="com.ford.purchasing.wips.common.atp.S01i0TransactionInputTest" tests="1" skipped="0" failures="0" errors="0" timestamp="2016-11-09T09:36:10" hostname="WGC100HHBHH92" time="0.004">
  <properties/>
  <testcase name="loadS01i0DataArea" classname="com.ford.purchasing.wips.common.atp.S01i0TransactionInputTest" time="0.004"/>
  <system-out><![CDATA[]]></system-out>
  <system-err><![CDATA[]]></system-err>
</testsuite>
