<?xml version="1.0" encoding="UTF-8"?>
<testsuite name="com.ford.purchasing.wips.common.atp.S01i1TransactionOutputTest" tests="3" skipped="0" failures="0" errors="0" timestamp="2016-11-09T09:36:10" hostname="WGC100HHBHH92" time="0.006">
  <properties/>
  <testcase name="getS01i0OutputFailurePath" classname="com.ford.purchasing.wips.common.atp.S01i1TransactionOutputTest" time="0.003"/>
  <testcase name="getS01i0OutputSuccessPath" classname="com.ford.purchasing.wips.common.atp.S01i1TransactionOutputTest" time="0.001"/>
  <testcase name="getS01i0OutputExceptionPath" classname="com.ford.purchasing.wips.common.atp.S01i1TransactionOutputTest" time="0.001"/>
  <system-out><![CDATA[]]></system-out>
  <system-err><![CDATA[]]></system-err>
</testsuite>
