<?xml version="1.0" encoding="UTF-8"?>
<testsuite name="com.ford.purchasing.wips.domain.pcs.beans.Cr1xTransactionInputTest" tests="4" skipped="0" failures="0" errors="0" timestamp="2016-11-09T09:36:18" hostname="WGC100HHBHH92" time="0.026">
  <properties/>
  <testcase name="loadCr1xRemarksWithBlankSpaces" classname="com.ford.purchasing.wips.domain.pcs.beans.Cr1xTransactionInputTest" time="0.01"/>
  <testcase name="loadCr1xInputWithDifferentJobCode" classname="com.ford.purchasing.wips.domain.pcs.beans.Cr1xTransactionInputTest" time="0.002"/>
  <testcase name="loadCr1xInputWithSameJobCode" classname="com.ford.purchasing.wips.domain.pcs.beans.Cr1xTransactionInputTest" time="0.005"/>
  <testcase name="loadCr1xRemarksWithoutBlankSpaces" classname="com.ford.purchasing.wips.domain.pcs.beans.Cr1xTransactionInputTest" time="0.008"/>
  <system-out><![CDATA[]]></system-out>
  <system-err><![CDATA[]]></system-err>
</testsuite>
