<?xml version="1.0" encoding="UTF-8"?>
<testsuite name="com.ford.purchasing.wips.domain.pcs.beans.Q43lTransactionInputTest" tests="1" skipped="0" failures="0" errors="0" timestamp="2016-11-09T09:36:18" hostname="WGC100HHBHH92" time="0.001">
  <properties/>
  <testcase name="loadQ43lDataArea" classname="com.ford.purchasing.wips.domain.pcs.beans.Q43lTransactionInputTest" time="0.001"/>
  <system-out><![CDATA[]]></system-out>
  <system-err><![CDATA[]]></system-err>
</testsuite>
