<?xml version="1.0" encoding="UTF-8"?>
<testsuite name="com.ford.purchasing.wips.domain.atp.RetrieveRecapTest" tests="2" skipped="0" failures="0" errors="0" timestamp="2016-11-09T09:36:16" hostname="WGC100HHBHH92" time="0.037">
  <properties/>
  <testcase name="retreive" classname="com.ford.purchasing.wips.domain.atp.RetrieveRecapTest" time="0.034"/>
  <testcase name="retreive_alternate" classname="com.ford.purchasing.wips.domain.atp.RetrieveRecapTest" time="0.002"/>
  <system-out><![CDATA[]]></system-out>
  <system-err><![CDATA[]]></system-err>
</testsuite>
