<?xml version="1.0" encoding="UTF-8"?>
<testsuite name="com.ford.purchasing.wips.domain.delegate.service.DelegatedJobCodeASTest" tests="3" skipped="0" failures="0" errors="0" timestamp="2016-11-09T09:36:16" hostname="WGC100HHBHH92" time="0.027">
  <properties/>
  <testcase name="verifyValidDelegateResponse_EndConversationException" classname="com.ford.purchasing.wips.domain.delegate.service.DelegatedJobCodeASTest" time="0.013"/>
  <testcase name="validResponseForDelegateJobCode" classname="com.ford.purchasing.wips.domain.delegate.service.DelegatedJobCodeASTest" time="0.004"/>
  <testcase name="verifyInValidDelegateResponse_WipsImsTransactionException" classname="com.ford.purchasing.wips.domain.delegate.service.DelegatedJobCodeASTest" time="0.004"/>
  <system-out><![CDATA[]]></system-out>
  <system-err><![CDATA[Nov 09, 2016 3:06:16 PM com.ford.it.crypt.symmetric.SymmetricCrypt decrypt()
SEVERE: 

	com.ford.it.crypt.symmetric.CryptException for user [UnKnown] self logged on Nov 09, 2016 03:06:16 PM.
	Exception instance reference code [13ECC4BA-3338-C799-4871-F0CE4871F0CE].

com.ford.it.crypt.symmetric.CryptException: The string to decrypt must be a valid BASE64 encoded String (The length must be divisible by 4 and can only include characters A-Z, a-z, 0-9, +, /, =). Use the encrypt method to ensure a properly encrypted string to decrypt.
	at com.ford.it.crypt.symmetric.SymmetricCrypt.decrypt(SymmetricCrypt.java:328)
	at com.ford.purchasing.wips.common.layer.util.CryptUtil.decrypt(CryptUtil.java:43)
	at com.ford.purchasing.wips.common.layer.util.WipsUtil.decrpyt(WipsUtil.java:121)
	at com.ford.purchasing.wips.common.layer.WipsBaseRequest.getLterm(WipsBaseRequest.java:51)
	at com.ford.purchasing.wips.domain.layer.WipsBaseAS.populateEppsInput(WipsBaseAS.java:99)
	at com.ford.purchasing.wips.domain.layer.WipsBaseAS.executeEppsCallForAuthentication(WipsBaseAS.java:67)
	at com.ford.purchasing.wips.domain.delegatedjobcode.service.DelegatedJobCodeAS$$EnhancerByMockitoWithCGLIB$$7618eb08.CGLIB$executeEppsCallForAuthentication$4(<generated>)
	at com.ford.purchasing.wips.domain.delegatedjobcode.service.DelegatedJobCodeAS$$EnhancerByMockitoWithCGLIB$$7618eb08$$FastClassByMockitoWithCGLIB$$52864ea5.invoke(<generated>)
	at org.mockito.cglib.proxy.MethodProxy.invokeSuper(MethodProxy.java:216)
	at org.mockito.internal.creation.AbstractMockitoMethodProxy.invokeSuper(AbstractMockitoMethodProxy.java:10)
	at org.mockito.internal.invocation.realmethod.CGLIBProxyRealMethod.invoke(CGLIBProxyRealMethod.java:22)
	at org.mockito.internal.invocation.realmethod.FilteredCGLIBProxyRealMethod.invoke(FilteredCGLIBProxyRealMethod.java:27)
	at org.mockito.internal.invocation.InvocationImpl.callRealMethod(InvocationImpl.java:108)
	at org.mockito.internal.stubbing.answers.CallsRealMethods.answer(CallsRealMethods.java:36)
	at org.mockito.internal.handler.MockHandlerImpl.handle(MockHandlerImpl.java:93)
	at org.mockito.internal.handler.NullResultGuardian.handle(NullResultGuardian.java:29)
	at org.mockito.internal.handler.InvocationNotifierHandler.handle(InvocationNotifierHandler.java:38)
	at org.mockito.internal.creation.MethodInterceptorFilter.intercept(MethodInterceptorFilter.java:51)
	at com.ford.purchasing.wips.domain.delegatedjobcode.service.DelegatedJobCodeAS$$EnhancerByMockitoWithCGLIB$$7618eb08.executeEppsCallForAuthentication(<generated>)
	at com.ford.purchasing.wips.domain.delegatedjobcode.service.DelegatedJobCodeAS.processDelegateJobCodeRequest(DelegatedJobCodeAS.java:26)
	at com.ford.purchasing.wips.domain.delegatedjobcode.service.DelegatedJobCodeAS$$EnhancerByMockitoWithCGLIB$$7618eb08.CGLIB$processDelegateJobCodeRequest$0(<generated>)
	at com.ford.purchasing.wips.domain.delegatedjobcode.service.DelegatedJobCodeAS$$EnhancerByMockitoWithCGLIB$$7618eb08$$FastClassByMockitoWithCGLIB$$52864ea5.invoke(<generated>)
	at org.mockito.cglib.proxy.MethodProxy.invokeSuper(MethodProxy.java:216)
	at org.mockito.internal.creation.AbstractMockitoMethodProxy.invokeSuper(AbstractMockitoMethodProxy.java:10)
	at org.mockito.internal.invocation.realmethod.CGLIBProxyRealMethod.invoke(CGLIBProxyRealMethod.java:22)
	at org.mockito.internal.invocation.realmethod.FilteredCGLIBProxyRealMethod.invoke(FilteredCGLIBProxyRealMethod.java:27)
	at org.mockito.internal.invocation.InvocationImpl.callRealMethod(InvocationImpl.java:108)
	at org.mockito.internal.stubbing.answers.CallsRealMethods.answer(CallsRealMethods.java:36)
	at org.mockito.internal.handler.MockHandlerImpl.handle(MockHandlerImpl.java:93)
	at org.mockito.internal.handler.NullResultGuardian.handle(NullResultGuardian.java:29)
	at org.mockito.internal.handler.InvocationNotifierHandler.handle(InvocationNotifierHandler.java:38)
	at org.mockito.internal.creation.MethodInterceptorFilter.intercept(MethodInterceptorFilter.java:51)
	at com.ford.purchasing.wips.domain.delegatedjobcode.service.DelegatedJobCodeAS$$EnhancerByMockitoWithCGLIB$$7618eb08.processDelegateJobCodeRequest(<generated>)
	at com.ford.purchasing.wips.domain.delegate.service.DelegatedJobCodeASTest.verifyValidDelegateResponse_EndConversationException(DelegatedJobCodeASTest.java:74)
	at sun.reflect.NativeMethodAccessorImpl.invoke0(Native Method)
	at sun.reflect.NativeMethodAccessorImpl.invoke(NativeMethodAccessorImpl.java:57)
	at sun.reflect.DelegatingMethodAccessorImpl.invoke(DelegatingMethodAccessorImpl.java:43)
	at java.lang.reflect.Method.invoke(Method.java:606)
	at org.junit.runners.model.FrameworkMethod$1.runReflectiveCall(FrameworkMethod.java:50)
	at org.junit.internal.runners.model.ReflectiveCallable.run(ReflectiveCallable.java:12)
	at org.junit.runners.model.FrameworkMethod.invokeExplosively(FrameworkMethod.java:47)
	at org.junit.internal.runners.statements.InvokeMethod.evaluate(InvokeMethod.java:17)
	at org.junit.runners.ParentRunner.runLeaf(ParentRunner.java:325)
	at org.junit.runners.BlockJUnit4ClassRunner.runChild(BlockJUnit4ClassRunner.java:78)
	at org.junit.runners.BlockJUnit4ClassRunner.runChild(BlockJUnit4ClassRunner.java:57)
	at org.junit.runners.ParentRunner$3.run(ParentRunner.java:290)
	at org.junit.runners.ParentRunner$1.schedule(ParentRunner.java:71)
	at org.junit.runners.ParentRunner.runChildren(ParentRunner.java:288)
	at org.junit.runners.ParentRunner.access$000(ParentRunner.java:58)
	at org.junit.runners.ParentRunner$2.evaluate(ParentRunner.java:268)
	at org.junit.internal.runners.statements.RunBefores.evaluate(RunBefores.java:26)
	at org.junit.runners.ParentRunner.run(ParentRunner.java:363)
	at org.mockito.internal.runners.JUnit45AndHigherRunnerImpl.run(JUnit45AndHigherRunnerImpl.java:37)
	at org.mockito.runners.MockitoJUnitRunner.run(MockitoJUnitRunner.java:62)
	at org.gradle.api.internal.tasks.testing.junit.JUnitTestClassExecuter.runTestClass(JUnitTestClassExecuter.java:114)
	at org.gradle.api.internal.tasks.testing.junit.JUnitTestClassExecuter.execute(JUnitTestClassExecuter.java:57)
	at org.gradle.api.internal.tasks.testing.junit.JUnitTestClassProcessor.processTestClass(JUnitTestClassProcessor.java:66)
	at org.gradle.api.internal.tasks.testing.SuiteTestClassProcessor.processTestClass(SuiteTestClassProcessor.java:51)
	at sun.reflect.GeneratedMethodAccessor6.invoke(Unknown Source)
	at sun.reflect.DelegatingMethodAccessorImpl.invoke(DelegatingMethodAccessorImpl.java:43)
	at java.lang.reflect.Method.invoke(Method.java:606)
	at org.gradle.internal.dispatch.ReflectionDispatch.dispatch(ReflectionDispatch.java:35)
	at org.gradle.internal.dispatch.ReflectionDispatch.dispatch(ReflectionDispatch.java:24)
	at org.gradle.internal.dispatch.ContextClassLoaderDispatch.dispatch(ContextClassLoaderDispatch.java:32)
	at org.gradle.internal.dispatch.ProxyDispatchAdapter$DispatchingInvocationHandler.invoke(ProxyDispatchAdapter.java:93)
	at com.sun.proxy.$Proxy2.processTestClass(Unknown Source)
	at org.gradle.api.internal.tasks.testing.worker.TestWorker.processTestClass(TestWorker.java:109)
	at sun.reflect.GeneratedMethodAccessor5.invoke(Unknown Source)
	at sun.reflect.DelegatingMethodAccessorImpl.invoke(DelegatingMethodAccessorImpl.java:43)
	at java.lang.reflect.Method.invoke(Method.java:606)
	at org.gradle.internal.dispatch.ReflectionDispatch.dispatch(ReflectionDispatch.java:35)
	at org.gradle.internal.dispatch.ReflectionDispatch.dispatch(ReflectionDispatch.java:24)
	at org.gradle.internal.remote.internal.hub.MessageHub$Handler.run(MessageHub.java:377)
	at org.gradle.internal.concurrent.ExecutorPolicy$CatchAndRecordFailures.onExecute(ExecutorPolicy.java:54)
	at org.gradle.internal.concurrent.StoppableExecutorImpl$1.run(StoppableExecutorImpl.java:40)
	at java.util.concurrent.ThreadPoolExecutor.runWorker(ThreadPoolExecutor.java:1145)
	at java.util.concurrent.ThreadPoolExecutor$Worker.run(ThreadPoolExecutor.java:615)
	at java.lang.Thread.run(Thread.java:745)

Nov 09, 2016 3:06:16 PM com.ford.it.crypt.symmetric.SymmetricCrypt decrypt()
SEVERE: 

	com.ford.it.crypt.symmetric.CryptException for user [UnKnown] self logged on Nov 09, 2016 03:06:16 PM.
	Exception instance reference code [13ECC4BA-9063-3424-4871-F0D64871F0D6].

com.ford.it.crypt.symmetric.CryptException: The string to decrypt must be a valid BASE64 encoded String (The length must be divisible by 4 and can only include characters A-Z, a-z, 0-9, +, /, =). Use the encrypt method to ensure a properly encrypted string to decrypt.
	at com.ford.it.crypt.symmetric.SymmetricCrypt.decrypt(SymmetricCrypt.java:328)
	at com.ford.purchasing.wips.common.layer.util.CryptUtil.decrypt(CryptUtil.java:43)
	at com.ford.purchasing.wips.common.layer.util.WipsUtil.decrpyt(WipsUtil.java:121)
	at com.ford.purchasing.wips.common.layer.WipsBaseRequest.getLterm(WipsBaseRequest.java:51)
	at com.ford.purchasing.wips.domain.layer.WipsBaseAS.populateEppsInput(WipsBaseAS.java:99)
	at com.ford.purchasing.wips.domain.layer.WipsBaseAS.executeEppsCallForAuthentication(WipsBaseAS.java:67)
	at com.ford.purchasing.wips.domain.delegatedjobcode.service.DelegatedJobCodeAS$$EnhancerByMockitoWithCGLIB$$7618eb08.CGLIB$executeEppsCallForAuthentication$4(<generated>)
	at com.ford.purchasing.wips.domain.delegatedjobcode.service.DelegatedJobCodeAS$$EnhancerByMockitoWithCGLIB$$7618eb08$$FastClassByMockitoWithCGLIB$$52864ea5.invoke(<generated>)
	at org.mockito.cglib.proxy.MethodProxy.invokeSuper(MethodProxy.java:216)
	at org.mockito.internal.creation.AbstractMockitoMethodProxy.invokeSuper(AbstractMockitoMethodProxy.java:10)
	at org.mockito.internal.invocation.realmethod.CGLIBProxyRealMethod.invoke(CGLIBProxyRealMethod.java:22)
	at org.mockito.internal.invocation.realmethod.FilteredCGLIBProxyRealMethod.invoke(FilteredCGLIBProxyRealMethod.java:27)
	at org.mockito.internal.invocation.InvocationImpl.callRealMethod(InvocationImpl.java:108)
	at org.mockito.internal.stubbing.answers.CallsRealMethods.answer(CallsRealMethods.java:36)
	at org.mockito.internal.handler.MockHandlerImpl.handle(MockHandlerImpl.java:93)
	at org.mockito.internal.handler.NullResultGuardian.handle(NullResultGuardian.java:29)
	at org.mockito.internal.handler.InvocationNotifierHandler.handle(InvocationNotifierHandler.java:38)
	at org.mockito.internal.creation.MethodInterceptorFilter.intercept(MethodInterceptorFilter.java:51)
	at com.ford.purchasing.wips.domain.delegatedjobcode.service.DelegatedJobCodeAS$$EnhancerByMockitoWithCGLIB$$7618eb08.executeEppsCallForAuthentication(<generated>)
	at com.ford.purchasing.wips.domain.delegatedjobcode.service.DelegatedJobCodeAS.processDelegateJobCodeRequest(DelegatedJobCodeAS.java:26)
	at com.ford.purchasing.wips.domain.delegatedjobcode.service.DelegatedJobCodeAS$$EnhancerByMockitoWithCGLIB$$7618eb08.CGLIB$processDelegateJobCodeRequest$0(<generated>)
	at com.ford.purchasing.wips.domain.delegatedjobcode.service.DelegatedJobCodeAS$$EnhancerByMockitoWithCGLIB$$7618eb08$$FastClassByMockitoWithCGLIB$$52864ea5.invoke(<generated>)
	at org.mockito.cglib.proxy.MethodProxy.invokeSuper(MethodProxy.java:216)
	at org.mockito.internal.creation.AbstractMockitoMethodProxy.invokeSuper(AbstractMockitoMethodProxy.java:10)
	at org.mockito.internal.invocation.realmethod.CGLIBProxyRealMethod.invoke(CGLIBProxyRealMethod.java:22)
	at org.mockito.internal.invocation.realmethod.FilteredCGLIBProxyRealMethod.invoke(FilteredCGLIBProxyRealMethod.java:27)
	at org.mockito.internal.invocation.InvocationImpl.callRealMethod(InvocationImpl.java:108)
	at org.mockito.internal.stubbing.answers.CallsRealMethods.answer(CallsRealMethods.java:36)
	at org.mockito.internal.handler.MockHandlerImpl.handle(MockHandlerImpl.java:93)
	at org.mockito.internal.handler.NullResultGuardian.handle(NullResultGuardian.java:29)
	at org.mockito.internal.handler.InvocationNotifierHandler.handle(InvocationNotifierHandler.java:38)
	at org.mockito.internal.creation.MethodInterceptorFilter.intercept(MethodInterceptorFilter.java:51)
	at com.ford.purchasing.wips.domain.delegatedjobcode.service.DelegatedJobCodeAS$$EnhancerByMockitoWithCGLIB$$7618eb08.processDelegateJobCodeRequest(<generated>)
	at com.ford.purchasing.wips.domain.delegate.service.DelegatedJobCodeASTest.validResponseForDelegateJobCode(DelegatedJobCodeASTest.java:49)
	at sun.reflect.NativeMethodAccessorImpl.invoke0(Native Method)
	at sun.reflect.NativeMethodAccessorImpl.invoke(NativeMethodAccessorImpl.java:57)
	at sun.reflect.DelegatingMethodAccessorImpl.invoke(DelegatingMethodAccessorImpl.java:43)
	at java.lang.reflect.Method.invoke(Method.java:606)
	at org.junit.runners.model.FrameworkMethod$1.runReflectiveCall(FrameworkMethod.java:50)
	at org.junit.internal.runners.model.ReflectiveCallable.run(ReflectiveCallable.java:12)
	at org.junit.runners.model.FrameworkMethod.invokeExplosively(FrameworkMethod.java:47)
	at org.junit.internal.runners.statements.InvokeMethod.evaluate(InvokeMethod.java:17)
	at org.junit.runners.ParentRunner.runLeaf(ParentRunner.java:325)
	at org.junit.runners.BlockJUnit4ClassRunner.runChild(BlockJUnit4ClassRunner.java:78)
	at org.junit.runners.BlockJUnit4ClassRunner.runChild(BlockJUnit4ClassRunner.java:57)
	at org.junit.runners.ParentRunner$3.run(ParentRunner.java:290)
	at org.junit.runners.ParentRunner$1.schedule(ParentRunner.java:71)
	at org.junit.runners.ParentRunner.runChildren(ParentRunner.java:288)
	at org.junit.runners.ParentRunner.access$000(ParentRunner.java:58)
	at org.junit.runners.ParentRunner$2.evaluate(ParentRunner.java:268)
	at org.junit.internal.runners.statements.RunBefores.evaluate(RunBefores.java:26)
	at org.junit.runners.ParentRunner.run(ParentRunner.java:363)
	at org.mockito.internal.runners.JUnit45AndHigherRunnerImpl.run(JUnit45AndHigherRunnerImpl.java:37)
	at org.mockito.runners.MockitoJUnitRunner.run(MockitoJUnitRunner.java:62)
	at org.gradle.api.internal.tasks.testing.junit.JUnitTestClassExecuter.runTestClass(JUnitTestClassExecuter.java:114)
	at org.gradle.api.internal.tasks.testing.junit.JUnitTestClassExecuter.execute(JUnitTestClassExecuter.java:57)
	at org.gradle.api.internal.tasks.testing.junit.JUnitTestClassProcessor.processTestClass(JUnitTestClassProcessor.java:66)
	at org.gradle.api.internal.tasks.testing.SuiteTestClassProcessor.processTestClass(SuiteTestClassProcessor.java:51)
	at sun.reflect.GeneratedMethodAccessor6.invoke(Unknown Source)
	at sun.reflect.DelegatingMethodAccessorImpl.invoke(DelegatingMethodAccessorImpl.java:43)
	at java.lang.reflect.Method.invoke(Method.java:606)
	at org.gradle.internal.dispatch.ReflectionDispatch.dispatch(ReflectionDispatch.java:35)
	at org.gradle.internal.dispatch.ReflectionDispatch.dispatch(ReflectionDispatch.java:24)
	at org.gradle.internal.dispatch.ContextClassLoaderDispatch.dispatch(ContextClassLoaderDispatch.java:32)
	at org.gradle.internal.dispatch.ProxyDispatchAdapter$DispatchingInvocationHandler.invoke(ProxyDispatchAdapter.java:93)
	at com.sun.proxy.$Proxy2.processTestClass(Unknown Source)
	at org.gradle.api.internal.tasks.testing.worker.TestWorker.processTestClass(TestWorker.java:109)
	at sun.reflect.GeneratedMethodAccessor5.invoke(Unknown Source)
	at sun.reflect.DelegatingMethodAccessorImpl.invoke(DelegatingMethodAccessorImpl.java:43)
	at java.lang.reflect.Method.invoke(Method.java:606)
	at org.gradle.internal.dispatch.ReflectionDispatch.dispatch(ReflectionDispatch.java:35)
	at org.gradle.internal.dispatch.ReflectionDispatch.dispatch(ReflectionDispatch.java:24)
	at org.gradle.internal.remote.internal.hub.MessageHub$Handler.run(MessageHub.java:377)
	at org.gradle.internal.concurrent.ExecutorPolicy$CatchAndRecordFailures.onExecute(ExecutorPolicy.java:54)
	at org.gradle.internal.concurrent.StoppableExecutorImpl$1.run(StoppableExecutorImpl.java:40)
	at java.util.concurrent.ThreadPoolExecutor.runWorker(ThreadPoolExecutor.java:1145)
	at java.util.concurrent.ThreadPoolExecutor$Worker.run(ThreadPoolExecutor.java:615)
	at java.lang.Thread.run(Thread.java:745)

Nov 09, 2016 3:06:16 PM com.ford.it.crypt.symmetric.SymmetricCrypt decrypt()
SEVERE: 

	com.ford.it.crypt.symmetric.CryptException for user [UnKnown] self logged on Nov 09, 2016 03:06:16 PM.
	Exception instance reference code [13ECC4BA-C8A7-7E57-4871-F0DD4871F0DD].

com.ford.it.crypt.symmetric.CryptException: The string to decrypt must be a valid BASE64 encoded String (The length must be divisible by 4 and can only include characters A-Z, a-z, 0-9, +, /, =). Use the encrypt method to ensure a properly encrypted string to decrypt.
	at com.ford.it.crypt.symmetric.SymmetricCrypt.decrypt(SymmetricCrypt.java:328)
	at com.ford.purchasing.wips.common.layer.util.CryptUtil.decrypt(CryptUtil.java:43)
	at com.ford.purchasing.wips.common.layer.util.WipsUtil.decrpyt(WipsUtil.java:121)
	at com.ford.purchasing.wips.common.layer.WipsBaseRequest.getLterm(WipsBaseRequest.java:51)
	at com.ford.purchasing.wips.domain.layer.WipsBaseAS.populateEppsInput(WipsBaseAS.java:99)
	at com.ford.purchasing.wips.domain.layer.WipsBaseAS.executeEppsCallForAuthentication(WipsBaseAS.java:67)
	at com.ford.purchasing.wips.domain.delegatedjobcode.service.DelegatedJobCodeAS$$EnhancerByMockitoWithCGLIB$$7618eb08.CGLIB$executeEppsCallForAuthentication$4(<generated>)
	at com.ford.purchasing.wips.domain.delegatedjobcode.service.DelegatedJobCodeAS$$EnhancerByMockitoWithCGLIB$$7618eb08$$FastClassByMockitoWithCGLIB$$52864ea5.invoke(<generated>)
	at org.mockito.cglib.proxy.MethodProxy.invokeSuper(MethodProxy.java:216)
	at org.mockito.internal.creation.AbstractMockitoMethodProxy.invokeSuper(AbstractMockitoMethodProxy.java:10)
	at org.mockito.internal.invocation.realmethod.CGLIBProxyRealMethod.invoke(CGLIBProxyRealMethod.java:22)
	at org.mockito.internal.invocation.realmethod.FilteredCGLIBProxyRealMethod.invoke(FilteredCGLIBProxyRealMethod.java:27)
	at org.mockito.internal.invocation.InvocationImpl.callRealMethod(InvocationImpl.java:108)
	at org.mockito.internal.stubbing.answers.CallsRealMethods.answer(CallsRealMethods.java:36)
	at org.mockito.internal.handler.MockHandlerImpl.handle(MockHandlerImpl.java:93)
	at org.mockito.internal.handler.NullResultGuardian.handle(NullResultGuardian.java:29)
	at org.mockito.internal.handler.InvocationNotifierHandler.handle(InvocationNotifierHandler.java:38)
	at org.mockito.internal.creation.MethodInterceptorFilter.intercept(MethodInterceptorFilter.java:51)
	at com.ford.purchasing.wips.domain.delegatedjobcode.service.DelegatedJobCodeAS$$EnhancerByMockitoWithCGLIB$$7618eb08.executeEppsCallForAuthentication(<generated>)
	at com.ford.purchasing.wips.domain.delegatedjobcode.service.DelegatedJobCodeAS.processDelegateJobCodeRequest(DelegatedJobCodeAS.java:26)
	at com.ford.purchasing.wips.domain.delegatedjobcode.service.DelegatedJobCodeAS$$EnhancerByMockitoWithCGLIB$$7618eb08.CGLIB$processDelegateJobCodeRequest$0(<generated>)
	at com.ford.purchasing.wips.domain.delegatedjobcode.service.DelegatedJobCodeAS$$EnhancerByMockitoWithCGLIB$$7618eb08$$FastClassByMockitoWithCGLIB$$52864ea5.invoke(<generated>)
	at org.mockito.cglib.proxy.MethodProxy.invokeSuper(MethodProxy.java:216)
	at org.mockito.internal.creation.AbstractMockitoMethodProxy.invokeSuper(AbstractMockitoMethodProxy.java:10)
	at org.mockito.internal.invocation.realmethod.CGLIBProxyRealMethod.invoke(CGLIBProxyRealMethod.java:22)
	at org.mockito.internal.invocation.realmethod.FilteredCGLIBProxyRealMethod.invoke(FilteredCGLIBProxyRealMethod.java:27)
	at org.mockito.internal.invocation.InvocationImpl.callRealMethod(InvocationImpl.java:108)
	at org.mockito.internal.stubbing.answers.CallsRealMethods.answer(CallsRealMethods.java:36)
	at org.mockito.internal.handler.MockHandlerImpl.handle(MockHandlerImpl.java:93)
	at org.mockito.internal.handler.NullResultGuardian.handle(NullResultGuardian.java:29)
	at org.mockito.internal.handler.InvocationNotifierHandler.handle(InvocationNotifierHandler.java:38)
	at org.mockito.internal.creation.MethodInterceptorFilter.intercept(MethodInterceptorFilter.java:51)
	at com.ford.purchasing.wips.domain.delegatedjobcode.service.DelegatedJobCodeAS$$EnhancerByMockitoWithCGLIB$$7618eb08.processDelegateJobCodeRequest(<generated>)
	at com.ford.purchasing.wips.domain.delegate.service.DelegatedJobCodeASTest.verifyInValidDelegateResponse_WipsImsTransactionException(DelegatedJobCodeASTest.java:100)
	at sun.reflect.NativeMethodAccessorImpl.invoke0(Native Method)
	at sun.reflect.NativeMethodAccessorImpl.invoke(NativeMethodAccessorImpl.java:57)
	at sun.reflect.DelegatingMethodAccessorImpl.invoke(DelegatingMethodAccessorImpl.java:43)
	at java.lang.reflect.Method.invoke(Method.java:606)
	at org.junit.runners.model.FrameworkMethod$1.runReflectiveCall(FrameworkMethod.java:50)
	at org.junit.internal.runners.model.ReflectiveCallable.run(ReflectiveCallable.java:12)
	at org.junit.runners.model.FrameworkMethod.invokeExplosively(FrameworkMethod.java:47)
	at org.junit.internal.runners.statements.InvokeMethod.evaluate(InvokeMethod.java:17)
	at org.junit.runners.ParentRunner.runLeaf(ParentRunner.java:325)
	at org.junit.runners.BlockJUnit4ClassRunner.runChild(BlockJUnit4ClassRunner.java:78)
	at org.junit.runners.BlockJUnit4ClassRunner.runChild(BlockJUnit4ClassRunner.java:57)
	at org.junit.runners.ParentRunner$3.run(ParentRunner.java:290)
	at org.junit.runners.ParentRunner$1.schedule(ParentRunner.java:71)
	at org.junit.runners.ParentRunner.runChildren(ParentRunner.java:288)
	at org.junit.runners.ParentRunner.access$000(ParentRunner.java:58)
	at org.junit.runners.ParentRunner$2.evaluate(ParentRunner.java:268)
	at org.junit.internal.runners.statements.RunBefores.evaluate(RunBefores.java:26)
	at org.junit.runners.ParentRunner.run(ParentRunner.java:363)
	at org.mockito.internal.runners.JUnit45AndHigherRunnerImpl.run(JUnit45AndHigherRunnerImpl.java:37)
	at org.mockito.runners.MockitoJUnitRunner.run(MockitoJUnitRunner.java:62)
	at org.gradle.api.internal.tasks.testing.junit.JUnitTestClassExecuter.runTestClass(JUnitTestClassExecuter.java:114)
	at org.gradle.api.internal.tasks.testing.junit.JUnitTestClassExecuter.execute(JUnitTestClassExecuter.java:57)
	at org.gradle.api.internal.tasks.testing.junit.JUnitTestClassProcessor.processTestClass(JUnitTestClassProcessor.java:66)
	at org.gradle.api.internal.tasks.testing.SuiteTestClassProcessor.processTestClass(SuiteTestClassProcessor.java:51)
	at sun.reflect.GeneratedMethodAccessor6.invoke(Unknown Source)
	at sun.reflect.DelegatingMethodAccessorImpl.invoke(DelegatingMethodAccessorImpl.java:43)
	at java.lang.reflect.Method.invoke(Method.java:606)
	at org.gradle.internal.dispatch.ReflectionDispatch.dispatch(ReflectionDispatch.java:35)
	at org.gradle.internal.dispatch.ReflectionDispatch.dispatch(ReflectionDispatch.java:24)
	at org.gradle.internal.dispatch.ContextClassLoaderDispatch.dispatch(ContextClassLoaderDispatch.java:32)
	at org.gradle.internal.dispatch.ProxyDispatchAdapter$DispatchingInvocationHandler.invoke(ProxyDispatchAdapter.java:93)
	at com.sun.proxy.$Proxy2.processTestClass(Unknown Source)
	at org.gradle.api.internal.tasks.testing.worker.TestWorker.processTestClass(TestWorker.java:109)
	at sun.reflect.GeneratedMethodAccessor5.invoke(Unknown Source)
	at sun.reflect.DelegatingMethodAccessorImpl.invoke(DelegatingMethodAccessorImpl.java:43)
	at java.lang.reflect.Method.invoke(Method.java:606)
	at org.gradle.internal.dispatch.ReflectionDispatch.dispatch(ReflectionDispatch.java:35)
	at org.gradle.internal.dispatch.ReflectionDispatch.dispatch(ReflectionDispatch.java:24)
	at org.gradle.internal.remote.internal.hub.MessageHub$Handler.run(MessageHub.java:377)
	at org.gradle.internal.concurrent.ExecutorPolicy$CatchAndRecordFailures.onExecute(ExecutorPolicy.java:54)
	at org.gradle.internal.concurrent.StoppableExecutorImpl$1.run(StoppableExecutorImpl.java:40)
	at java.util.concurrent.ThreadPoolExecutor.runWorker(ThreadPoolExecutor.java:1145)
	at java.util.concurrent.ThreadPoolExecutor$Worker.run(ThreadPoolExecutor.java:615)
	at java.lang.Thread.run(Thread.java:745)

]]></system-err>
</testsuite>
