<?xml version="1.0" encoding="UTF-8"?>
<testsuite name="com.ford.purchasing.wips.domain.priceclaims.service.RetrievePriceClaimFinancialInfoTest" tests="1" skipped="0" failures="0" errors="0" timestamp="2016-11-09T09:36:18" hostname="WGC100HHBHH92" time="0.007">
  <properties/>
  <testcase name="retrievePriceClaimFinancialInfo" classname="com.ford.purchasing.wips.domain.priceclaims.service.RetrievePriceClaimFinancialInfoTest" time="0.007"/>
  <system-out><![CDATA[]]></system-out>
  <system-err><![CDATA[]]></system-err>
</testsuite>
