<?xml version="1.0" encoding="UTF-8"?>
<testsuite name="com.ford.purchasing.wips.domain.pcs.beans.Cr1xTransactionOutputTest" tests="2" skipped="0" failures="0" errors="0" timestamp="2016-11-09T09:36:18" hostname="WGC100HHBHH92" time="0.02">
  <properties/>
  <testcase name="getCr1xSaveOutput_Success" classname="com.ford.purchasing.wips.domain.pcs.beans.Cr1xTransactionOutputTest" time="0.016"/>
  <testcase name="getC36uOutput_Success" classname="com.ford.purchasing.wips.domain.pcs.beans.Cr1xTransactionOutputTest" time="0.001"/>
  <system-out><![CDATA[]]></system-out>
  <system-err><![CDATA[Nov 09, 2016 3:06:18 PM com.ford.it.connector.ConnectorContextInitializer initialize
INFO: OperationConfiguration
Name: AAIMA02L
implementationClassName: com.ford.it.connector.ims.ManagedImsOperation
inputRecordResource: AAIMG53X-Input.xml
outputRecordResource: AAIMA02L-Output.xml
conversionName: USA_CODEPAGE_037
userName: 
ltermName: null
password: ****
tranCode: AAIMG53X
datastoreName: null
hostName: null
port: 0
jndiName: eis/ims/RT/IMSTB
responseMode: Response
socketTimeout: 0
Nov 09, 2016 3:06:18 PM com.ford.it.connector.ConnectorContextInitializer initialize
INFO: OperationConfiguration
Name: AAIMA02L-C36U
implementationClassName: com.ford.it.connector.ims.ManagedImsOperation
inputRecordResource: AAIMA02L-Input.xml
outputRecordResource: AAIMC36U-Output.xml
conversionName: USA_CODEPAGE_037
userName: 
ltermName: null
password: ****
tranCode: AAIMA02L
datastoreName: null
hostName: null
port: 0
jndiName: eis/ims/RT/IMSTB
responseMode: Response
socketTimeout: 0
Nov 09, 2016 3:06:18 PM com.ford.it.connector.ConnectorContextInitializer initialize
INFO: OperationConfiguration
Name: AAIMC32U
implementationClassName: com.ford.it.connector.ims.ManagedImsOperation
inputRecordResource: AAIMC32U-Input.xml
outputRecordResource: AAIMC32U-Output.xml
conversionName: USA_CODEPAGE_037
userName: 
ltermName: null
password: ****
tranCode: AAIMC32U
datastoreName: null
hostName: null
port: 0
jndiName: eis/ims/RT/IMSTB
responseMode: Response
socketTimeout: 0
Nov 09, 2016 3:06:18 PM com.ford.it.connector.ConnectorContextInitializer initialize
INFO: OperationConfiguration
Name: AAIMC32U-C34U
implementationClassName: com.ford.it.connector.ims.ManagedImsOperation
inputRecordResource: AAIMC32U-Input.xml
outputRecordResource: AAIMC34U-Output.xml
conversionName: USA_CODEPAGE_037
userName: 
ltermName: null
password: ****
tranCode: AAIMC32U
datastoreName: null
hostName: null
port: 0
jndiName: eis/ims/RT/IMSTB
responseMode: Response
socketTimeout: 0
Nov 09, 2016 3:06:18 PM com.ford.it.connector.ConnectorContextInitializer initialize
INFO: OperationConfiguration
Name: AAIMC32U-Q01X
implementationClassName: com.ford.it.connector.ims.ManagedImsOperation
inputRecordResource: AAIMC32U-Input.xml
outputRecordResource: AAIMQ01X-Output.xml
conversionName: USA_CODEPAGE_037
userName: 
ltermName: null
password: ****
tranCode: AAIMC32U
datastoreName: null
hostName: null
port: 0
jndiName: eis/ims/RT/IMSTB
responseMode: Response
socketTimeout: 0
Nov 09, 2016 3:06:18 PM com.ford.it.connector.ConnectorContextInitializer initialize
INFO: OperationConfiguration
Name: AAIMC32U-S01O
implementationClassName: com.ford.it.connector.ims.ManagedImsOperation
inputRecordResource: AAIMC32U-Input.xml
outputRecordResource: AAIMS010-Output.xml
conversionName: USA_CODEPAGE_037
userName: 
ltermName: null
password: ****
tranCode: AAIMC32U
datastoreName: null
hostName: null
port: 0
jndiName: eis/ims/RT/IMSTB
responseMode: Response
socketTimeout: 0
Nov 09, 2016 3:06:18 PM com.ford.it.connector.ConnectorContextInitializer initialize
INFO: OperationConfiguration
Name: AAIMC32U_C33U
implementationClassName: com.ford.it.connector.ims.ManagedImsOperation
inputRecordResource: AAIMC32U-Input.xml
outputRecordResource: AAIMC33U-Output.xml
conversionName: USA_CODEPAGE_037
userName: 
ltermName: null
password: ****
tranCode: AAIMC32U
datastoreName: null
hostName: null
port: 0
jndiName: eis/ims/RT/IMSTB
responseMode: Response
socketTimeout: 0
Nov 09, 2016 3:06:18 PM com.ford.it.connector.ConnectorContextInitializer initialize
INFO: OperationConfiguration
Name: AAIMC33U
implementationClassName: com.ford.it.connector.ims.ManagedImsOperation
inputRecordResource: AAIMC33U-Input.xml
outputRecordResource: AAIMC33U-Output.xml
conversionName: USA_CODEPAGE_037
userName: 
ltermName: null
password: ****
tranCode: AAIMC33U
datastoreName: null
hostName: null
port: 0
jndiName: eis/ims/RT/IMSTB
responseMode: Response
socketTimeout: 0
Nov 09, 2016 3:06:18 PM com.ford.it.connector.ConnectorContextInitializer initialize
INFO: OperationConfiguration
Name: AAIMC33U-M00M
implementationClassName: com.ford.it.connector.ims.ManagedImsOperation
inputRecordResource: AAIMC33U-Input.xml
outputRecordResource: AAIMM00M-Output.xml
conversionName: USA_CODEPAGE_037
userName: 
ltermName: null
password: ****
tranCode: AAIMC33U
datastoreName: null
hostName: null
port: 0
jndiName: eis/ims/RT/IMSTB
responseMode: Response
socketTimeout: 0
Nov 09, 2016 3:06:18 PM com.ford.it.connector.ConnectorContextInitializer initialize
INFO: OperationConfiguration
Name: AAIMC33U_C32U
implementationClassName: com.ford.it.connector.ims.ManagedImsOperation
inputRecordResource: AAIMC33U-Input.xml
outputRecordResource: AAIMC32U-Output.xml
conversionName: USA_CODEPAGE_037
userName: 
ltermName: null
password: ****
tranCode: AAIMC33U
datastoreName: null
hostName: null
port: 0
jndiName: eis/ims/RT/IMSTB
responseMode: Response
socketTimeout: 0
Nov 09, 2016 3:06:18 PM com.ford.it.connector.ConnectorContextInitializer initialize
INFO: OperationConfiguration
Name: AAIMC33U_CR5X
implementationClassName: com.ford.it.connector.ims.ManagedImsOperation
inputRecordResource: AAIMC33U-Input.xml
outputRecordResource: AAIMCR5X-Output.xml
conversionName: USA_CODEPAGE_037
userName: 
ltermName: null
password: ****
tranCode: AAIMC33U
datastoreName: null
hostName: null
port: 0
jndiName: eis/ims/RT/IMSTB
responseMode: Response
socketTimeout: 0
Nov 09, 2016 3:06:18 PM com.ford.it.connector.ConnectorContextInitializer initialize
INFO: OperationConfiguration
Name: AAIMC34U-C32U
implementationClassName: com.ford.it.connector.ims.ManagedImsOperation
inputRecordResource: AAIMC34U-Input.xml
outputRecordResource: AAIMC32U-Output.xml
conversionName: USA_CODEPAGE_037
userName: 
ltermName: null
password: ****
tranCode: AAIMC34U
datastoreName: null
hostName: null
port: 0
jndiName: eis/ims/RT/IMSTB
responseMode: Response
socketTimeout: 0
Nov 09, 2016 3:06:18 PM com.ford.it.connector.ConnectorContextInitializer initialize
INFO: OperationConfiguration
Name: AAIMC36U-C38V
implementationClassName: com.ford.it.connector.ims.ManagedImsOperation
inputRecordResource: AAIMC36U-Input.xml
outputRecordResource: AAIMC38V-Output.xml
conversionName: USA_CODEPAGE_037
userName: 
ltermName: null
password: ****
tranCode: AAIMC36U
datastoreName: null
hostName: null
port: 0
jndiName: eis/ims/RT/IMSTB
responseMode: Response
socketTimeout: 0
Nov 09, 2016 3:06:18 PM com.ford.it.connector.ConnectorContextInitializer initialize
INFO: OperationConfiguration
Name: AAIMC36U-CR1X
implementationClassName: com.ford.it.connector.ims.ManagedImsOperation
inputRecordResource: AAIMC36U-Input.xml
outputRecordResource: AAIMCR1X-Output.xml
conversionName: USA_CODEPAGE_037
userName: 
ltermName: null
password: ****
tranCode: AAIMC36U
datastoreName: null
hostName: null
port: 0
jndiName: eis/ims/RT/IMSTB
responseMode: Response
socketTimeout: 0
Nov 09, 2016 3:06:18 PM com.ford.it.connector.ConnectorContextInitializer initialize
INFO: OperationConfiguration
Name: AAIMCR1X-CR3V
implementationClassName: com.ford.it.connector.ims.ManagedImsOperation
inputRecordResource: AAIMCR1X-Input.xml
outputRecordResource: AAIMCR3V-Output.xml
conversionName: USA_CODEPAGE_037
userName: 
ltermName: null
password: ****
tranCode: AAIMCR1X
datastoreName: null
hostName: null
port: 0
jndiName: eis/ims/RT/IMSTB
responseMode: Response
socketTimeout: 0
Nov 09, 2016 3:06:18 PM com.ford.it.connector.ConnectorContextInitializer initialize
INFO: OperationConfiguration
Name: AAIMCR5X
implementationClassName: com.ford.it.connector.ims.ManagedImsOperation
inputRecordResource: AAIMCR5X-Input.xml
outputRecordResource: AAIMCR5X-Output.xml
conversionName: USA_CODEPAGE_037
userName: 
ltermName: null
password: ****
tranCode: AAIMCR5X
datastoreName: null
hostName: null
port: 0
jndiName: eis/ims/RT/IMSTB
responseMode: Response
socketTimeout: 0
Nov 09, 2016 3:06:18 PM com.ford.it.connector.ConnectorContextInitializer initialize
INFO: OperationConfiguration
Name: AAIMCR5X_C33U
implementationClassName: com.ford.it.connector.ims.ManagedImsOperation
inputRecordResource: AAIMCR5X-Input.xml
outputRecordResource: AAIMC33U-Output.xml
conversionName: USA_CODEPAGE_037
userName: 
ltermName: null
password: ****
tranCode: AAIMCR5X
datastoreName: null
hostName: null
port: 0
jndiName: eis/ims/RT/IMSTB
responseMode: Response
socketTimeout: 0
Nov 09, 2016 3:06:18 PM com.ford.it.connector.ConnectorContextInitializer initialize
INFO: OperationConfiguration
Name: AAIMEPPS
implementationClassName: com.ford.it.connector.ims.ManagedImsOperation
inputRecordResource: AAIMEPPS-Input.xml
outputRecordResource: AAIMM00M-Output.xml
conversionName: USA_CODEPAGE_037
userName: 
ltermName: null
password: ****
tranCode: AAIMEPPS
datastoreName: null
hostName: null
port: 0
jndiName: eis/ims/RT/IMSTB
responseMode: Response
socketTimeout: 0
Nov 09, 2016 3:06:18 PM com.ford.it.connector.ConnectorContextInitializer initialize
INFO: OperationConfiguration
Name: AAIMG51X
implementationClassName: com.ford.it.connector.ims.ManagedImsOperation
inputRecordResource: AAIMG51X-Input.xml
outputRecordResource: AAIMG53X-Output.xml
conversionName: USA_CODEPAGE_037
userName: 
ltermName: null
password: ****
tranCode: AAIMG51X
datastoreName: null
hostName: null
port: 0
jndiName: eis/ims/RT/IMSTB
responseMode: Response
socketTimeout: 0
Nov 09, 2016 3:06:18 PM com.ford.it.connector.ConnectorContextInitializer initialize
INFO: OperationConfiguration
Name: AAIMG52X-G55X
implementationClassName: com.ford.it.connector.ims.ManagedImsOperation
inputRecordResource: AAIMG52X-Input.xml
outputRecordResource: AAIMG55X-Output.xml
conversionName: USA_CODEPAGE_037
userName: 
ltermName: null
password: ****
tranCode: AAIMG52X
datastoreName: null
hostName: null
port: 0
jndiName: eis/ims/RT/IMSTB
responseMode: Response
socketTimeout: 0
Nov 09, 2016 3:06:18 PM com.ford.it.connector.ConnectorContextInitializer initialize
INFO: OperationConfiguration
Name: AAIMG53X
implementationClassName: com.ford.it.connector.ims.ManagedImsOperation
inputRecordResource: AAIMG53X-Input.xml
outputRecordResource: AAIMG53X-Output.xml
conversionName: USA_CODEPAGE_037
userName: 
ltermName: null
password: ****
tranCode: AAIMG53X
datastoreName: null
hostName: null
port: 0
jndiName: eis/ims/RT/IMSTB
responseMode: Response
socketTimeout: 0
Nov 09, 2016 3:06:18 PM com.ford.it.connector.ConnectorContextInitializer initialize
INFO: OperationConfiguration
Name: AAIMG53X-G52X
implementationClassName: com.ford.it.connector.ims.ManagedImsOperation
inputRecordResource: AAIMG53X-Input.xml
outputRecordResource: AAIMG52X-Output.xml
conversionName: USA_CODEPAGE_037
userName: 
ltermName: null
password: ****
tranCode: AAIMG53X
datastoreName: null
hostName: null
port: 0
jndiName: eis/ims/RT/IMSTB
responseMode: Response
socketTimeout: 0
Nov 09, 2016 3:06:18 PM com.ford.it.connector.ConnectorContextInitializer initialize
INFO: OperationConfiguration
Name: AAIMG53X-G56X
implementationClassName: com.ford.it.connector.ims.ManagedImsOperation
inputRecordResource: AAIMG53X-Input.xml
outputRecordResource: AAIMG56X-Output.xml
conversionName: USA_CODEPAGE_037
userName: 
ltermName: null
password: ****
tranCode: AAIMG53X
datastoreName: null
hostName: null
port: 0
jndiName: eis/ims/RT/IMSTB
responseMode: Response
socketTimeout: 0
Nov 09, 2016 3:06:18 PM com.ford.it.connector.ConnectorContextInitializer initialize
INFO: OperationConfiguration
Name: AAIMG53X-S010
implementationClassName: com.ford.it.connector.ims.ManagedImsOperation
inputRecordResource: AAIMG53X-Input.xml
outputRecordResource: AAIMS010-Output.xml
conversionName: USA_CODEPAGE_037
userName: 
ltermName: null
password: ****
tranCode: AAIMG53X
datastoreName: null
hostName: null
port: 0
jndiName: eis/ims/RT/IMSTB
responseMode: Response
socketTimeout: 0
Nov 09, 2016 3:06:18 PM com.ford.it.connector.ConnectorContextInitializer initialize
INFO: OperationConfiguration
Name: AAIMG55X
implementationClassName: com.ford.it.connector.ims.ManagedImsOperation
inputRecordResource: AAIMG55X-Input.xml
outputRecordResource: AAIMG55X-Output.xml
conversionName: USA_CODEPAGE_037
userName: 
ltermName: null
password: ****
tranCode: AAIMG55X
datastoreName: null
hostName: null
port: 0
jndiName: eis/ims/RT/IMSTB
responseMode: Response
socketTimeout: 0
Nov 09, 2016 3:06:18 PM com.ford.it.connector.ConnectorContextInitializer initialize
INFO: OperationConfiguration
Name: AAIMG56X
implementationClassName: com.ford.it.connector.ims.ManagedImsOperation
inputRecordResource: AAIMG56X-Input.xml
outputRecordResource: AAIMG56X-Output.xml
conversionName: USA_CODEPAGE_037
userName: 
ltermName: null
password: ****
tranCode: AAIMG56X
datastoreName: null
hostName: null
port: 0
jndiName: eis/ims/RT/IMSTB
responseMode: Response
socketTimeout: 0
Nov 09, 2016 3:06:18 PM com.ford.it.connector.ConnectorContextInitializer initialize
INFO: OperationConfiguration
Name: AAIMG56X-S01I0
implementationClassName: com.ford.it.connector.ims.ManagedImsOperation
inputRecordResource: AAIMG56X-Input.xml
outputRecordResource: AAIMS010-Output.xml
conversionName: USA_CODEPAGE_037
userName: 
ltermName: null
password: ****
tranCode: AAIMG56X
datastoreName: null
hostName: null
port: 0
jndiName: eis/ims/RT/IMSTB
responseMode: Response
socketTimeout: 0
Nov 09, 2016 3:06:18 PM com.ford.it.connector.ConnectorContextInitializer initialize
INFO: OperationConfiguration
Name: AAIMM00M
implementationClassName: com.ford.it.connector.ims.ManagedImsOperation
inputRecordResource: AAIMM00M-Input.xml
outputRecordResource: AAIMM00M-Output.xml
conversionName: USA_CODEPAGE_037
userName: 
ltermName: null
password: ****
tranCode: AAIMM00M
datastoreName: null
hostName: null
port: 0
jndiName: eis/ims/RT/IMSTB
responseMode: Response
socketTimeout: 0
Nov 09, 2016 3:06:18 PM com.ford.it.connector.ConnectorContextInitializer initialize
INFO: OperationConfiguration
Name: AAIMM00M-Q01X
implementationClassName: com.ford.it.connector.ims.ManagedImsOperation
inputRecordResource: AAIMM00M-Input.xml
outputRecordResource: AAIMQ01X-Output.xml
conversionName: USA_CODEPAGE_037
userName: 
ltermName: null
password: ****
tranCode: AAIMM00M
datastoreName: null
hostName: null
port: 0
jndiName: eis/ims/RT/IMSTB
responseMode: Response
socketTimeout: 0
Nov 09, 2016 3:06:18 PM com.ford.it.connector.ConnectorContextInitializer initialize
INFO: OperationConfiguration
Name: AAIMM00M-Q43L
implementationClassName: com.ford.it.connector.ims.ManagedImsOperation
inputRecordResource: AAIMM00M-Input.xml
outputRecordResource: AAIMQ43L-Output.xml
conversionName: USA_CODEPAGE_037
userName: 
ltermName: null
password: ****
tranCode: AAIMM00M
datastoreName: null
hostName: null
port: 0
jndiName: eis/ims/RT/IMSTB
responseMode: Response
socketTimeout: 0
Nov 09, 2016 3:06:18 PM com.ford.it.connector.ConnectorContextInitializer initialize
INFO: OperationConfiguration
Name: AAIMQ01X
implementationClassName: com.ford.it.connector.ims.ManagedImsOperation
inputRecordResource: AAIMQ01X-Input.xml
outputRecordResource: AAIMQ01X-Output.xml
conversionName: USA_CODEPAGE_037
userName: 
ltermName: null
password: ****
tranCode: AAIMQ01X
datastoreName: null
hostName: null
port: 0
jndiName: eis/ims/RT/IMSTB
responseMode: Response
socketTimeout: 0
Nov 09, 2016 3:06:18 PM com.ford.it.connector.ConnectorContextInitializer initialize
INFO: OperationConfiguration
Name: AAIMQ01X-C32U
implementationClassName: com.ford.it.connector.ims.ManagedImsOperation
inputRecordResource: AAIMQ01X-Input.xml
outputRecordResource: AAIMC32U-Output.xml
conversionName: USA_CODEPAGE_037
userName: 
ltermName: null
password: ****
tranCode: AAIMQ01X
datastoreName: null
hostName: null
port: 0
jndiName: eis/ims/RT/IMSTB
responseMode: Response
socketTimeout: 0
Nov 09, 2016 3:06:18 PM com.ford.it.connector.ConnectorContextInitializer initialize
INFO: OperationConfiguration
Name: AAIMQ01X-G51X
implementationClassName: com.ford.it.connector.ims.ManagedImsOperation
inputRecordResource: AAIMQ01X-Input.xml
outputRecordResource: AAIMG51X-Output.xml
conversionName: USA_CODEPAGE_037
userName: 
ltermName: null
password: ****
tranCode: AAIMQ01X
datastoreName: null
hostName: null
port: 0
jndiName: eis/ims/RT/IMSTB
responseMode: Response
socketTimeout: 0
Nov 09, 2016 3:06:18 PM com.ford.it.connector.ConnectorContextInitializer initialize
INFO: OperationConfiguration
Name: AAIMQ01X-G53X
implementationClassName: com.ford.it.connector.ims.ManagedImsOperation
inputRecordResource: AAIMQ01X-Input.xml
outputRecordResource: AAIMG53X-Output.xml
conversionName: USA_CODEPAGE_037
userName: 
ltermName: null
password: ****
tranCode: AAIMQ01X
datastoreName: null
hostName: null
port: 0
jndiName: eis/ims/RT/IMSTB
responseMode: Response
socketTimeout: 0
Nov 09, 2016 3:06:18 PM com.ford.it.connector.ConnectorContextInitializer initialize
INFO: OperationConfiguration
Name: AAIMQ43L
implementationClassName: com.ford.it.connector.ims.ManagedImsOperation
inputRecordResource: AAIMQ43L-Input.xml
outputRecordResource: AAIMQ43L-Output.xml
conversionName: USA_CODEPAGE_037
userName: 
ltermName: null
password: ****
tranCode: AAIMQ43L
datastoreName: null
hostName: null
port: 0
jndiName: eis/ims/RT/IMSTB
responseMode: Response
socketTimeout: 0
Nov 09, 2016 3:06:18 PM com.ford.it.connector.ConnectorContextInitializer initialize
INFO: OperationConfiguration
Name: AAIMQ43L-C36U
implementationClassName: com.ford.it.connector.ims.ManagedImsOperation
inputRecordResource: AAIMQ43L-Input.xml
outputRecordResource: AAIMC36U-Output.xml
conversionName: USA_CODEPAGE_037
userName: 
ltermName: null
password: ****
tranCode: AAIMQ43L
datastoreName: null
hostName: null
port: 0
jndiName: eis/ims/RT/IMSTB
responseMode: Response
socketTimeout: 0
Nov 09, 2016 3:06:18 PM com.ford.it.connector.ConnectorContextInitializer initialize
INFO: OperationConfiguration
Name: AAIMS010-S011
implementationClassName: com.ford.it.connector.ims.ManagedImsOperation
inputRecordResource: AAIMS010-Input.xml
outputRecordResource: AAIMQ01X-Output.xml
conversionName: USA_CODEPAGE_037
userName: 
ltermName: null
password: ****
tranCode: AAIMS01I
datastoreName: null
hostName: null
port: 0
jndiName: eis/ims/RT/IMSTB
responseMode: Response
socketTimeout: 0
Nov 09, 2016 3:06:18 PM com.ford.it.connector.ConnectorContextInitializer initialize
INFO: OperationConfiguration
Name: AAIMS01O-C32U
implementationClassName: com.ford.it.connector.ims.ManagedImsOperation
inputRecordResource: AAIMS010-Input.xml
outputRecordResource: AAIMC32U-Output.xml
conversionName: USA_CODEPAGE_037
userName: 
ltermName: null
password: ****
tranCode: AAIMS01I
datastoreName: null
hostName: null
port: 0
jndiName: eis/ims/RT/IMSTB
responseMode: Response
socketTimeout: 0
Nov 09, 2016 3:06:18 PM com.ford.it.connector.ConnectorContextInitializer initialize
INFO: ConversionStrategyConfiguration
CodePage:037
CharacterEncoding:Cp037
UserDateCodePage:037
MachineType:MVS
FloatingPointFormat:IBM
Endian:BIGENDIAN
RemoteIntegerEndian:BIGENDIAN
]]></system-err>
</testsuite>
