<?xml version="1.0" encoding="UTF-8"?>
<testsuite name="com.ford.purchasing.wips.domain.dao.JobDetailDAOTest" tests="2" skipped="0" failures="0" errors="0" timestamp="2016-11-09T09:36:16" hostname="WGC100HHBHH92" time="0.083">
  <properties/>
  <testcase name="retrieveJobCodesForUser" classname="com.ford.purchasing.wips.domain.dao.JobDetailDAOTest" time="0.079"/>
  <testcase name="retrieveBuyerCodesAndNames" classname="com.ford.purchasing.wips.domain.dao.JobDetailDAOTest" time="0.003"/>
  <system-out><![CDATA[]]></system-out>
  <system-err><![CDATA[]]></system-err>
</testsuite>
