<?xml version="1.0" encoding="UTF-8"?>
<testsuite name="com.ford.purchasing.wips.domain.priceclaims.service.ApproveOrRejectPriceClaimTest" tests="3" skipped="0" failures="0" errors="0" timestamp="2016-11-09T09:36:18" hostname="WGC100HHBHH92" time="0.113">
  <properties/>
  <testcase name="ApproveOrRejectPriceClaimWithRemarks" classname="com.ford.purchasing.wips.domain.priceclaims.service.ApproveOrRejectPriceClaimTest" time="0.104"/>
  <testcase name="ApproveOrRejectPriceClaimWithWarningMsg" classname="com.ford.purchasing.wips.domain.priceclaims.service.ApproveOrRejectPriceClaimTest" time="0.003"/>
  <testcase name="ApproveOrRejectPriceClaimWithoutRemarks" classname="com.ford.purchasing.wips.domain.priceclaims.service.ApproveOrRejectPriceClaimTest" time="0.004"/>
  <system-out><![CDATA[]]></system-out>
  <system-err><![CDATA[]]></system-err>
</testsuite>
