<?xml version="1.0" encoding="UTF-8"?>
<testsuite name="com.ford.purchasing.wips.domain.security.GlobalSupplierAuditSecurityTest" tests="4" skipped="0" failures="0" errors="0" timestamp="2016-11-09T09:36:19" hostname="WGC100HHBHH92" time="0.0">
  <properties/>
  <testcase name="shortLongTermCostsNotEditable" classname="com.ford.purchasing.wips.domain.security.GlobalSupplierAuditSecurityTest" time="0.0"/>
  <testcase name="gsaAuditEditable" classname="com.ford.purchasing.wips.domain.security.GlobalSupplierAuditSecurityTest" time="0.0"/>
  <testcase name="classificationNotEditable" classname="com.ford.purchasing.wips.domain.security.GlobalSupplierAuditSecurityTest" time="0.0"/>
  <testcase name="workTaskNotEditable" classname="com.ford.purchasing.wips.domain.security.GlobalSupplierAuditSecurityTest" time="0.0"/>
  <system-out><![CDATA[]]></system-out>
  <system-err><![CDATA[]]></system-err>
</testsuite>
