<?xml version="1.0" encoding="UTF-8"?>
<testsuite name="com.ford.purchasing.wips.domain.atp.SaveAtpRemarksTest" tests="6" skipped="0" failures="0" errors="0" timestamp="2016-11-09T09:36:16" hostname="WGC100HHBHH92" time="0.026">
  <properties/>
  <testcase name="saveAtpRemarks_onePageOfSystemRemarks_clearTwoPagesAndSaveOnePageOfUserRemarks" classname="com.ford.purchasing.wips.domain.atp.SaveAtpRemarksTest" time="0.016"/>
  <testcase name="saveAtpRemarks_onePageOfSystemRemarks_thirdUser_clearAndSaveOnePageOfUserRemarks" classname="com.ford.purchasing.wips.domain.atp.SaveAtpRemarksTest" time="0.001"/>
  <testcase name="saveAtpRemarks_switchJobCode_onePageOfSystemRemarks_clearAndSaveOnePageOfUserRemarks" classname="com.ford.purchasing.wips.domain.atp.SaveAtpRemarksTest" time="0.001"/>
  <testcase name="saveAtpRemarks_onePageOfSystemRemarks_clearAndSaveOnePageOfUserRemarks" classname="com.ford.purchasing.wips.domain.atp.SaveAtpRemarksTest" time="0.001"/>
  <testcase name="saveAtpRemarks_g51xScreen_onePageOfSystemRemarks_clearAndSaveOnePageOfUserRemarks" classname="com.ford.purchasing.wips.domain.atp.SaveAtpRemarksTest" time="0.002"/>
  <testcase name="saveAtpRemarks_onePageOfSystemRemarks_clearTwoPagesAndSaveTwoPagesOfUserRemarks" classname="com.ford.purchasing.wips.domain.atp.SaveAtpRemarksTest" time="0.001"/>
  <system-out><![CDATA[]]></system-out>
  <system-err><![CDATA[]]></system-err>
</testsuite>
