<?xml version="1.0" encoding="UTF-8"?>
<testsuite name="com.ford.purchasing.wips.domain.security.FinanceAnalystSecurityTest" tests="18" skipped="0" failures="0" errors="0" timestamp="2016-11-09T09:36:19" hostname="WGC100HHBHH92" time="0.006">
  <properties/>
  <testcase name="classificationEditableForSettlementLinkedToNTE" classname="com.ford.purchasing.wips.domain.security.FinanceAnalystSecurityTest" time="0.001"/>
  <testcase name="classificationNotEditableForUnLinkedSettlement_NotInitialLumpsumVersion" classname="com.ford.purchasing.wips.domain.security.FinanceAnalystSecurityTest" time="0.0"/>
  <testcase name="classificationNotEditableForForecast" classname="com.ford.purchasing.wips.domain.security.FinanceAnalystSecurityTest" time="0.0"/>
  <testcase name="shortLongTermCostsNotEditableForForeCast" classname="com.ford.purchasing.wips.domain.security.FinanceAnalystSecurityTest" time="0.0"/>
  <testcase name="shortLongTermCostsEditableForPrepaymentLumpSum_ExceptForecase" classname="com.ford.purchasing.wips.domain.security.FinanceAnalystSecurityTest" time="0.0"/>
  <testcase name="classificationEditableForNTE" classname="com.ford.purchasing.wips.domain.security.FinanceAnalystSecurityTest" time="0.0"/>
  <testcase name="classificationEditableForUnLinkedReserve" classname="com.ford.purchasing.wips.domain.security.FinanceAnalystSecurityTest" time="0.0"/>
  <testcase name="classificationNotEditableForSettlementLinkedToNTE_NotInitialLumpsumVersion" classname="com.ford.purchasing.wips.domain.security.FinanceAnalystSecurityTest" time="0.0"/>
  <testcase name="classificationNotEditableForSettlementLinkedToReserve" classname="com.ford.purchasing.wips.domain.security.FinanceAnalystSecurityTest" time="0.0"/>
  <testcase name="classificationEditableForUnLinkedSettlement" classname="com.ford.purchasing.wips.domain.security.FinanceAnalystSecurityTest" time="0.0"/>
  <testcase name="workTaskNotEditableForForeCast" classname="com.ford.purchasing.wips.domain.security.FinanceAnalystSecurityTest" time="0.0"/>
  <testcase name="shortLongTermCostsNotEditableForNonPrepaidType" classname="com.ford.purchasing.wips.domain.security.FinanceAnalystSecurityTest" time="0.0"/>
  <testcase name="classificationEditableForLinkedReserve" classname="com.ford.purchasing.wips.domain.security.FinanceAnalystSecurityTest" time="0.0"/>
  <testcase name="workTaskEditableForAllLumpsumTypes_exceptForecast" classname="com.ford.purchasing.wips.domain.security.FinanceAnalystSecurityTest" time="0.0"/>
  <testcase name="gsaAuditNotEditable" classname="com.ford.purchasing.wips.domain.security.FinanceAnalystSecurityTest" time="0.0"/>
  <testcase name="classificationNotEditableForSettlementLinkedToReserveLinkedToNTE" classname="com.ford.purchasing.wips.domain.security.FinanceAnalystSecurityTest" time="0.0"/>
  <testcase name="classificationNotEditableForLinkedReserve_NotInitialLumpsumVersion" classname="com.ford.purchasing.wips.domain.security.FinanceAnalystSecurityTest" time="0.0"/>
  <testcase name="classificationNotEditableForUnLinkedReserve_NotInitialLumpsumVersion" classname="com.ford.purchasing.wips.domain.security.FinanceAnalystSecurityTest" time="0.001"/>
  <system-out><![CDATA[]]></system-out>
  <system-err><![CDATA[]]></system-err>
</testsuite>
