<?xml version="1.0" encoding="UTF-8"?>
<testsuite name="com.ford.purchasing.wips.domain.atp.beans.G55xTransactionInputTest" tests="1" skipped="0" failures="0" errors="0" timestamp="2016-11-09T09:36:15" hostname="WGC100HHBHH92" time="0.003">
  <properties/>
  <testcase name="loadG55xInputTest" classname="com.ford.purchasing.wips.domain.atp.beans.G55xTransactionInputTest" time="0.003"/>
  <system-out><![CDATA[]]></system-out>
  <system-err><![CDATA[]]></system-err>
</testsuite>
