<?xml version="1.0" encoding="UTF-8"?>
<testsuite name="com.ford.purchasing.wips.domain.atp.service.SaveRemarksAndApproveOrRejectTest" tests="2" skipped="0" failures="0" errors="0" timestamp="2016-11-09T09:36:16" hostname="WGC100HHBHH92" time="0.017">
  <properties/>
  <testcase name="saveAtpRemarksAndApprove_onePageOfSystemRemarks_clearAndSaveOnePageOfUserRemarks_warningMessage" classname="com.ford.purchasing.wips.domain.atp.service.SaveRemarksAndApproveOrRejectTest" time="0.01"/>
  <testcase name="saveAtpRemarksAndApprove_onePageOfSystemRemarks_clearAndSaveOnePageOfUserRemarks" classname="com.ford.purchasing.wips.domain.atp.service.SaveRemarksAndApproveOrRejectTest" time="0.006"/>
  <system-out><![CDATA[]]></system-out>
  <system-err><![CDATA[java.lang.ClassCastException: com.ford.purchasing.wips.domain.atp.beans.AtpRemarksOutput cannot be cast to com.ford.purchasing.wips.common.atp.S01i1TransactionOutput
	at com.ford.purchasing.wips.domain.atp.service.SaveRemarksAndApproveOrReject$7.apply(SaveRemarksAndApproveOrReject.java:160)
	at com.ford.purchasing.wips.domain.atp.MockedImsTransaction.map(MockedImsTransaction.java:74)
	at com.ford.purchasing.wips.domain.atp.service.SaveRemarksAndApproveOrReject$1.apply(SaveRemarksAndApproveOrReject.java:135)
	at com.ford.purchasing.wips.domain.atp.service.SaveRemarksAndApproveOrReject$1.apply(SaveRemarksAndApproveOrReject.java:132)
	at com.ford.purchasing.wips.domain.atp.MockedImsTransaction.thenNestTransactionsIfElse(MockedImsTransaction.java:137)
	at com.ford.purchasing.wips.domain.atp.service.SaveRemarksAndApproveOrReject.apply(SaveRemarksAndApproveOrReject.java:61)
	at com.ford.purchasing.wips.domain.atp.service.SaveRemarksAndApproveOrRejectTest.saveAtpRemarksAndApprove_onePageOfSystemRemarks_clearAndSaveOnePageOfUserRemarks(SaveRemarksAndApproveOrRejectTest.java:61)
	at sun.reflect.NativeMethodAccessorImpl.invoke0(Native Method)
	at sun.reflect.NativeMethodAccessorImpl.invoke(NativeMethodAccessorImpl.java:57)
	at sun.reflect.DelegatingMethodAccessorImpl.invoke(DelegatingMethodAccessorImpl.java:43)
	at java.lang.reflect.Method.invoke(Method.java:606)
	at org.junit.runners.model.FrameworkMethod$1.runReflectiveCall(FrameworkMethod.java:50)
	at org.junit.internal.runners.model.ReflectiveCallable.run(ReflectiveCallable.java:12)
	at org.junit.runners.model.FrameworkMethod.invokeExplosively(FrameworkMethod.java:47)
	at org.junit.internal.runners.statements.InvokeMethod.evaluate(InvokeMethod.java:17)
	at org.junit.runners.ParentRunner.runLeaf(ParentRunner.java:325)
	at org.junit.runners.BlockJUnit4ClassRunner.runChild(BlockJUnit4ClassRunner.java:78)
	at org.junit.runners.BlockJUnit4ClassRunner.runChild(BlockJUnit4ClassRunner.java:57)
	at org.junit.runners.ParentRunner$3.run(ParentRunner.java:290)
	at org.junit.runners.ParentRunner$1.schedule(ParentRunner.java:71)
	at org.junit.runners.ParentRunner.runChildren(ParentRunner.java:288)
	at org.junit.runners.ParentRunner.access$000(ParentRunner.java:58)
	at org.junit.runners.ParentRunner$2.evaluate(ParentRunner.java:268)
	at org.junit.runners.ParentRunner.run(ParentRunner.java:363)
	at org.mockito.internal.runners.JUnit45AndHigherRunnerImpl.run(JUnit45AndHigherRunnerImpl.java:37)
	at org.mockito.runners.MockitoJUnitRunner.run(MockitoJUnitRunner.java:62)
	at org.gradle.api.internal.tasks.testing.junit.JUnitTestClassExecuter.runTestClass(JUnitTestClassExecuter.java:114)
	at org.gradle.api.internal.tasks.testing.junit.JUnitTestClassExecuter.execute(JUnitTestClassExecuter.java:57)
	at org.gradle.api.internal.tasks.testing.junit.JUnitTestClassProcessor.processTestClass(JUnitTestClassProcessor.java:66)
	at org.gradle.api.internal.tasks.testing.SuiteTestClassProcessor.processTestClass(SuiteTestClassProcessor.java:51)
	at sun.reflect.GeneratedMethodAccessor6.invoke(Unknown Source)
	at sun.reflect.DelegatingMethodAccessorImpl.invoke(DelegatingMethodAccessorImpl.java:43)
	at java.lang.reflect.Method.invoke(Method.java:606)
	at org.gradle.internal.dispatch.ReflectionDispatch.dispatch(ReflectionDispatch.java:35)
	at org.gradle.internal.dispatch.ReflectionDispatch.dispatch(ReflectionDispatch.java:24)
	at org.gradle.internal.dispatch.ContextClassLoaderDispatch.dispatch(ContextClassLoaderDispatch.java:32)
	at org.gradle.internal.dispatch.ProxyDispatchAdapter$DispatchingInvocationHandler.invoke(ProxyDispatchAdapter.java:93)
	at com.sun.proxy.$Proxy2.processTestClass(Unknown Source)
	at org.gradle.api.internal.tasks.testing.worker.TestWorker.processTestClass(TestWorker.java:109)
	at sun.reflect.GeneratedMethodAccessor5.invoke(Unknown Source)
	at sun.reflect.DelegatingMethodAccessorImpl.invoke(DelegatingMethodAccessorImpl.java:43)
	at java.lang.reflect.Method.invoke(Method.java:606)
	at org.gradle.internal.dispatch.ReflectionDispatch.dispatch(ReflectionDispatch.java:35)
	at org.gradle.internal.dispatch.ReflectionDispatch.dispatch(ReflectionDispatch.java:24)
	at org.gradle.internal.remote.internal.hub.MessageHub$Handler.run(MessageHub.java:377)
	at org.gradle.internal.concurrent.ExecutorPolicy$CatchAndRecordFailures.onExecute(ExecutorPolicy.java:54)
	at org.gradle.internal.concurrent.StoppableExecutorImpl$1.run(StoppableExecutorImpl.java:40)
	at java.util.concurrent.ThreadPoolExecutor.runWorker(ThreadPoolExecutor.java:1145)
	at java.util.concurrent.ThreadPoolExecutor$Worker.run(ThreadPoolExecutor.java:615)
	at java.lang.Thread.run(Thread.java:745)
]]></system-err>
</testsuite>
