<?xml version="1.0" encoding="UTF-8"?>
<testsuite name="com.ford.purchasing.wips.domain.dao.PcSupplierNameDAOTest" tests="1" skipped="0" failures="0" errors="0" timestamp="2016-11-09T09:36:16" hostname="WGC100HHBHH92" time="0.003">
  <properties/>
  <testcase name="retreiveSupplierNames" classname="com.ford.purchasing.wips.domain.dao.PcSupplierNameDAOTest" time="0.003"/>
  <system-out><![CDATA[]]></system-out>
  <system-err><![CDATA[]]></system-err>
</testsuite>
