<?xml version="1.0" encoding="UTF-8"?>
<testsuite name="com.ford.purchasing.wips.domain.dao.LsSuppliersDAOTest" tests="1" skipped="0" failures="0" errors="0" timestamp="2016-11-09T09:36:16" hostname="WGC100HHBHH92" time="0.004">
  <properties/>
  <testcase name="retrieveLumpSumSuppliersList" classname="com.ford.purchasing.wips.domain.dao.LsSuppliersDAOTest" time="0.004"/>
  <system-out><![CDATA[]]></system-out>
  <system-err><![CDATA[]]></system-err>
</testsuite>
