<?xml version="1.0" encoding="UTF-8"?>
<testsuite name="com.ford.purchasing.wips.business.atp.AtpApprovalBFTest" tests="7" skipped="0" failures="0" errors="0" timestamp="2016-11-09T09:36:06" hostname="WGC100HHBHH92" time="0.1">
  <properties/>
  <testcase name="saveRemarksAndApproveOrRejectAtp_Failure" classname="com.ford.purchasing.wips.business.atp.AtpApprovalBFTest" time="0.074"/>
  <testcase name="getAtpStrategy_Success" classname="com.ford.purchasing.wips.business.atp.AtpApprovalBFTest" time="0.002"/>
  <testcase name="getAtpRecap_Success" classname="com.ford.purchasing.wips.business.atp.AtpApprovalBFTest" time="0.002"/>
  <testcase name="getRemarks_Success" classname="com.ford.purchasing.wips.business.atp.AtpApprovalBFTest" time="0.0"/>
  <testcase name="approveOrRejectAtp_Success" classname="com.ford.purchasing.wips.business.atp.AtpApprovalBFTest" time="0.001"/>
  <testcase name="approveOrRejectAtp_Failure" classname="com.ford.purchasing.wips.business.atp.AtpApprovalBFTest" time="0.001"/>
  <testcase name="saveRemarksAndApproveOrRejectAtp_Success" classname="com.ford.purchasing.wips.business.atp.AtpApprovalBFTest" time="0.001"/>
  <system-out><![CDATA[]]></system-out>
  <system-err><![CDATA[]]></system-err>
</testsuite>
