<?xml version="1.0" encoding="UTF-8"?>
<testsuite name="com.ford.purchasing.wips.business.login.WipsLoginBFTest" tests="1" skipped="0" failures="0" errors="0" timestamp="2016-11-09T09:36:07" hostname="WGC100HHBHH92" time="0.0">
  <properties/>
  <testcase name="authenticateUser" classname="com.ford.purchasing.wips.business.login.WipsLoginBFTest" time="0.0"/>
  <system-out><![CDATA[]]></system-out>
  <system-err><![CDATA[]]></system-err>
</testsuite>
