<?xml version="1.0" encoding="UTF-8"?>
<testsuite name="com.ford.purchasing.wips.business.layer.WipsAttachmentBFTest" tests="4" skipped="0" failures="0" errors="0" timestamp="2016-11-09T09:36:06" hostname="WGC100HHBHH92" time="0.627">
  <properties/>
  <testcase name="retrieveAttachment" classname="com.ford.purchasing.wips.business.layer.WipsAttachmentBFTest" time="0.519"/>
  <testcase name="useDefaultConsumerAS" classname="com.ford.purchasing.wips.business.layer.WipsAttachmentBFTest" time="0.02"/>
  <testcase name="inValidDocumentIDError" classname="com.ford.purchasing.wips.business.layer.WipsAttachmentBFTest" time="0.069"/>
  <testcase name="authorizationError" classname="com.ford.purchasing.wips.business.layer.WipsAttachmentBFTest" time="0.014"/>
  <system-out><![CDATA[]]></system-out>
  <system-err><![CDATA[]]></system-err>
</testsuite>
