<?xml version="1.0" encoding="UTF-8"?>
<testsuite name="com.ford.purchasing.wips.business.layer.PendingApprovalBFTest" tests="2" skipped="0" failures="0" errors="0" timestamp="2016-11-09T09:36:06" hostname="WGC100HHBHH92" time="0.004">
  <properties/>
  <testcase name="getPendingApprovals_atpAndLumpsum" classname="com.ford.purchasing.wips.business.layer.PendingApprovalBFTest" time="0.002"/>
  <testcase name="getPendingApprovals_Claim" classname="com.ford.purchasing.wips.business.layer.PendingApprovalBFTest" time="0.001"/>
  <system-out><![CDATA[]]></system-out>
  <system-err><![CDATA[]]></system-err>
</testsuite>
