<?xml version="1.0" encoding="UTF-8"?>
<testsuite name="com.ford.purchasing.wips.business.delegate.DelegatedJobCodeBFTest" tests="1" skipped="0" failures="0" errors="0" timestamp="2016-11-09T09:36:06" hostname="WGC100HHBHH92" time="0.001">
  <properties/>
  <testcase name="delegateJobCode" classname="com.ford.purchasing.wips.business.delegate.DelegatedJobCodeBFTest" time="0.001"/>
  <system-out><![CDATA[]]></system-out>
  <system-err><![CDATA[]]></system-err>
</testsuite>
